TN:
SF:src/api/auth.js
FN:38,(anonymous_0)
FN:113,(anonymous_1)
FNF:2
FNH:2
FNDA:52,(anonymous_0)
FNDA:42,(anonymous_1)
DA:2,4
DA:3,4
DA:4,4
DA:5,4
DA:6,4
DA:38,4
DA:39,52
DA:41,52
DA:42,4
DA:43,4
DA:45,48
DA:46,4
DA:47,4
DA:49,44
DA:50,4
DA:51,4
DA:54,40
DA:55,2
DA:56,2
DA:59,38
DA:60,2
DA:61,2
DA:64,36
DA:65,36
DA:66,30
DA:67,30
DA:69,6
DA:70,6
DA:71,2
DA:72,2
DA:74,4
DA:75,4
DA:76,4
DA:113,4
DA:114,42
DA:116,42
DA:117,6
DA:118,6
DA:120,36
DA:121,4
DA:122,4
DA:125,32
DA:126,2
DA:127,2
DA:129,30
DA:130,30
DA:131,4
DA:132,4
DA:135,26
DA:136,2
DA:137,2
DA:139,24
DA:140,24
DA:141,4
DA:142,4
DA:144,20
DA:145,20
DA:147,4
LF:58
LH:58
BRDA:41,0,0,4
BRDA:41,0,1,48
BRDA:41,1,0,52
BRDA:41,1,1,48
BRDA:41,1,2,48
BRDA:45,2,0,4
BRDA:45,2,1,44
BRDA:45,3,0,48
BRDA:45,3,1,44
BRDA:45,3,2,44
BRDA:49,4,0,4
BRDA:49,4,1,40
BRDA:49,5,0,44
BRDA:49,5,1,40
BRDA:54,6,0,2
BRDA:54,6,1,38
BRDA:59,7,0,2
BRDA:59,7,1,36
BRDA:65,8,0,30
BRDA:65,8,1,6
BRDA:70,9,0,2
BRDA:70,9,1,4
BRDA:116,10,0,6
BRDA:116,10,1,36
BRDA:116,11,0,42
BRDA:116,11,1,36
BRDA:116,11,2,36
BRDA:120,12,0,4
BRDA:120,12,1,32
BRDA:120,13,0,36
BRDA:120,13,1,32
BRDA:125,14,0,2
BRDA:125,14,1,30
BRDA:130,15,0,4
BRDA:130,15,1,26
BRDA:135,16,0,2
BRDA:135,16,1,24
BRDA:140,17,0,4
BRDA:140,17,1,20
BRF:39
BRH:39
end_of_record
TN:
SF:src/api/todo.js
FN:213,(anonymous_0)
FN:218,(anonymous_1)
FN:228,(anonymous_2)
FN:237,(anonymous_3)
FN:252,(anonymous_4)
FN:263,(anonymous_5)
FN:273,(anonymous_6)
FN:288,(anonymous_7)
FN:302,(anonymous_8)
FN:322,(anonymous_9)
FNF:10
FNH:10
FNDA:6,(anonymous_0)
FNDA:32,(anonymous_1)
FNDA:6,(anonymous_2)
FNDA:10,(anonymous_3)
FNDA:6,(anonymous_4)
FNDA:4,(anonymous_5)
FNDA:18,(anonymous_6)
FNDA:6,(anonymous_7)
FNDA:10,(anonymous_8)
FNDA:6,(anonymous_9)
DA:2,2
DA:3,2
DA:4,2
DA:5,2
DA:6,2
DA:7,2
DA:213,2
DA:214,6
DA:215,6
DA:216,6
DA:218,2
DA:219,32
DA:220,32
DA:221,32
DA:222,2
DA:223,2
DA:225,30
DA:226,30
DA:228,2
DA:229,6
DA:230,6
DA:231,6
DA:232,4
DA:233,4
DA:235,2
DA:237,2
DA:238,10
DA:239,10
DA:240,10
DA:241,4
DA:242,4
DA:244,6
DA:245,6
DA:246,4
DA:247,4
DA:249,2
DA:250,2
DA:252,2
DA:253,6
DA:254,6
DA:255,6
DA:256,4
DA:257,4
DA:259,2
DA:260,2
DA:263,2
DA:264,4
DA:265,4
DA:266,4
DA:267,2
DA:268,2
DA:270,2
DA:271,2
DA:273,2
DA:274,18
DA:275,18
DA:276,18
DA:277,2
DA:278,2
DA:280,16
DA:281,16
DA:282,4
DA:283,4
DA:285,12
DA:286,12
DA:288,2
DA:289,6
DA:290,6
DA:291,2
DA:292,2
DA:294,4
DA:295,4
DA:296,4
DA:297,2
DA:298,2
DA:300,2
DA:302,2
DA:303,10
DA:304,10
DA:305,4
DA:306,4
DA:308,6
DA:309,6
DA:310,6
DA:311,0
DA:312,0
DA:314,6
DA:315,6
DA:316,4
DA:317,4
DA:319,2
DA:320,2
DA:322,2
DA:323,6
DA:324,6
DA:325,4
DA:326,4
DA:328,2
DA:329,2
DA:330,2
DA:331,0
DA:332,0
DA:334,2
DA:335,2
DA:337,2
LF:105
LH:101
BRDA:221,0,0,2
BRDA:221,0,1,30
BRDA:221,1,0,32
BRDA:221,1,1,30
BRDA:221,1,2,30
BRDA:231,2,0,4
BRDA:231,2,1,2
BRDA:231,3,0,6
BRDA:231,3,1,4
BRDA:240,4,0,4
BRDA:240,4,1,6
BRDA:240,5,0,10
BRDA:240,5,1,8
BRDA:245,6,0,4
BRDA:245,6,1,2
BRDA:245,7,0,6
BRDA:245,7,1,2
BRDA:245,7,2,2
BRDA:255,8,0,4
BRDA:255,8,1,2
BRDA:255,9,0,6
BRDA:255,9,1,4
BRDA:266,10,0,2
BRDA:266,10,1,2
BRDA:266,11,0,4
BRDA:266,11,1,4
BRDA:276,12,0,2
BRDA:276,12,1,16
BRDA:276,13,0,18
BRDA:276,13,1,18
BRDA:281,14,0,4
BRDA:281,14,1,12
BRDA:281,15,0,16
BRDA:281,15,1,12
BRDA:281,15,2,12
BRDA:290,16,0,2
BRDA:290,16,1,4
BRDA:296,17,0,2
BRDA:296,17,1,2
BRDA:296,18,0,4
BRDA:296,18,1,4
BRDA:304,19,0,4
BRDA:304,19,1,6
BRDA:310,20,0,0
BRDA:310,20,1,6
BRDA:310,21,0,6
BRDA:310,21,1,6
BRDA:315,22,0,4
BRDA:315,22,1,2
BRDA:315,23,0,6
BRDA:315,23,1,2
BRDA:315,23,2,2
BRDA:324,24,0,4
BRDA:324,24,1,2
BRDA:330,25,0,0
BRDA:330,25,1,2
BRDA:330,26,0,2
BRDA:330,26,1,2
BRF:58
BRH:56
end_of_record
TN:
SF:src/repositories/memory/todoMemoryRepo.js
FN:7,(anonymous_0)
FN:13,(anonymous_1)
FN:14,(anonymous_2)
FN:16,(anonymous_3)
FN:17,(anonymous_4)
FN:19,(anonymous_5)
FN:20,(anonymous_6)
FN:26,(anonymous_7)
FN:27,(anonymous_8)
FN:35,(anonymous_9)
FN:41,(anonymous_10)
FN:42,(anonymous_11)
FN:44,(anonymous_12)
FN:45,(anonymous_13)
FN:47,(anonymous_14)
FN:48,(anonymous_15)
FN:54,(anonymous_16)
FN:55,(anonymous_17)
FNF:18
FNH:18
FNDA:44,(anonymous_0)
FNDA:10,(anonymous_1)
FNDA:12,(anonymous_2)
FNDA:62,(anonymous_3)
FNDA:268,(anonymous_4)
FNDA:8,(anonymous_5)
FNDA:20,(anonymous_6)
FNDA:8,(anonymous_7)
FNDA:22,(anonymous_8)
FNDA:24,(anonymous_9)
FNDA:6,(anonymous_10)
FNDA:8,(anonymous_11)
FNDA:28,(anonymous_12)
FNDA:40,(anonymous_13)
FNDA:8,(anonymous_14)
FNDA:20,(anonymous_15)
FNDA:8,(anonymous_16)
FNDA:22,(anonymous_17)
DA:2,8
DA:3,8
DA:4,8
DA:5,8
DA:6,8
DA:8,44
DA:9,44
DA:10,44
DA:11,44
DA:14,12
DA:17,268
DA:20,20
DA:21,8
DA:22,2
DA:23,6
DA:24,6
DA:27,22
DA:28,8
DA:29,2
DA:30,6
DA:31,6
DA:34,8
DA:36,24
DA:37,24
DA:38,24
DA:39,24
DA:42,8
DA:45,40
DA:48,20
DA:49,8
DA:50,2
DA:51,6
DA:52,6
DA:55,22
DA:56,8
DA:57,2
DA:58,6
DA:59,6
LF:38
LH:38
BRDA:8,0,0,44
BRDA:8,0,1,0
BRDA:17,1,0,62
BRDA:17,1,1,8
BRDA:21,2,0,2
BRDA:21,2,1,6
BRDA:28,3,0,2
BRDA:28,3,1,6
BRDA:36,4,0,24
BRDA:36,4,1,0
BRDA:45,5,0,28
BRDA:45,5,1,12
BRDA:49,6,0,2
BRDA:49,6,1,6
BRDA:56,7,0,2
BRDA:56,7,1,6
BRF:16
BRH:14
end_of_record
TN:
SF:src/repositories/memory/userMemoryRepo.js
FN:6,(anonymous_0)
FN:10,(anonymous_1)
FN:11,(anonymous_2)
FN:13,(anonymous_3)
FN:17,(anonymous_4)
FN:19,(anonymous_5)
FN:20,(anonymous_6)
FN:22,(anonymous_7)
FNF:8
FNH:8
FNDA:8,(anonymous_0)
FNDA:4,(anonymous_1)
FNDA:2,(anonymous_2)
FNDA:4,(anonymous_3)
FNDA:2,(anonymous_4)
FNDA:4,(anonymous_5)
FNDA:2,(anonymous_6)
FNDA:14,(anonymous_7)
DA:2,2
DA:3,2
DA:4,2
DA:5,2
DA:7,8
DA:8,8
DA:11,4
DA:15,4
DA:16,0
DA:17,4
DA:20,4
DA:23,14
LF:12
LH:11
BRDA:11,0,0,4
BRDA:11,0,1,2
BRDA:15,1,0,0
BRDA:15,1,1,4
BRDA:17,2,0,4
BRDA:17,2,1,2
BRDA:20,3,0,4
BRDA:20,3,1,2
BRF:8
BRH:7
end_of_record
TN:
SF:src/repositories/sql/pg.js
FN:2,(anonymous_0)
FN:18,testConnection
FNF:2
FNH:2
FNDA:14,(anonymous_0)
FNDA:2,testConnection
DA:2,14
DA:3,14
DA:5,14
DA:6,14
DA:7,14
DA:8,14
DA:9,14
DA:10,14
DA:11,14
DA:19,2
DA:20,2
DA:21,2
DA:24,0
DA:25,0
LF:14
LH:12
BRDA:2,0,0,14
BRDA:2,0,1,14
BRDA:2,0,2,14
BRDA:3,1,0,0
BRDA:3,1,1,14
BRDA:3,2,0,14
BRDA:3,2,1,14
BRF:7
BRH:6
end_of_record
TN:
SF:src/repositories/sql/todoSqlRepo.js
FN:6,(anonymous_0)
FN:10,(anonymous_1)
FN:14,(anonymous_2)
FN:18,(anonymous_3)
FN:22,(anonymous_4)
FN:28,(anonymous_5)
FN:32,(anonymous_6)
FN:36,(anonymous_7)
FN:40,(anonymous_8)
FN:44,(anonymous_9)
FNF:10
FNH:10
FNDA:4,(anonymous_0)
FNDA:2,(anonymous_1)
FNDA:6,(anonymous_2)
FNDA:4,(anonymous_3)
FNDA:4,(anonymous_4)
FNDA:2,(anonymous_5)
FNDA:2,(anonymous_6)
FNDA:6,(anonymous_7)
FNDA:4,(anonymous_8)
FNDA:4,(anonymous_9)
DA:2,8
DA:3,8
DA:4,8
DA:5,8
DA:7,4
DA:8,4
DA:11,2
DA:12,2
DA:15,6
DA:16,6
DA:19,4
DA:20,4
DA:23,4
DA:24,4
DA:27,8
DA:29,2
DA:30,2
DA:33,2
DA:34,2
DA:37,6
DA:38,6
DA:41,4
DA:42,4
DA:45,4
DA:46,4
LF:25
LH:25
BRDA:16,0,0,6
BRDA:16,0,1,4
BRDA:20,1,0,4
BRDA:20,1,1,2
BRDA:38,2,0,6
BRDA:38,2,1,4
BRDA:42,3,0,4
BRDA:42,3,1,2
BRF:8
BRH:8
end_of_record
TN:
SF:src/repositories/sql/userSqlRepo.js
FN:6,(anonymous_0)
FN:10,(anonymous_1)
FN:14,(anonymous_2)
FN:18,(anonymous_3)
FNF:4
FNH:4
FNDA:6,(anonymous_0)
FNDA:40,(anonymous_1)
FNDA:40,(anonymous_2)
FNDA:4,(anonymous_3)
DA:2,6
DA:3,6
DA:4,6
DA:5,6
DA:7,6
DA:8,6
DA:11,40
DA:12,40
DA:15,40
DA:16,40
DA:19,4
DA:20,4
LF:12
LH:12
BRDA:12,0,0,40
BRDA:12,0,1,8
BRDA:16,1,0,40
BRDA:16,1,1,10
BRDA:20,2,0,4
BRDA:20,2,1,2
BRF:6
BRH:6
end_of_record
TN:
SF:src/services/listService.js
FN:9,(anonymous_0)
FN:13,(anonymous_1)
FN:16,(anonymous_2)
FN:19,(anonymous_3)
FN:22,(anonymous_4)
FNF:5
FNH:5
FNDA:34,(anonymous_0)
FNDA:8,(anonymous_1)
FNDA:60,(anonymous_2)
FNDA:4,(anonymous_3)
FNDA:4,(anonymous_4)
DA:2,6
DA:3,6
DA:4,6
DA:5,6
DA:6,6
DA:7,6
DA:8,6
DA:11,34
DA:14,8
DA:17,60
DA:20,4
DA:23,4
LF:12
LH:12
BRDA:7,0,0,0
BRDA:7,0,1,6
BRF:2
BRH:1
end_of_record
TN:
SF:src/services/taskService.js
FN:9,(anonymous_0)
FN:13,(anonymous_1)
FN:16,(anonymous_2)
FN:19,(anonymous_3)
FN:22,(anonymous_4)
FNF:5
FNH:5
FNDA:14,(anonymous_0)
FNDA:4,(anonymous_1)
FNDA:26,(anonymous_2)
FNDA:4,(anonymous_3)
FNDA:4,(anonymous_4)
DA:2,4
DA:3,4
DA:4,4
DA:5,4
DA:6,4
DA:7,4
DA:8,4
DA:11,14
DA:14,4
DA:17,26
DA:20,4
DA:23,4
LF:12
LH:12
BRDA:7,0,0,0
BRDA:7,0,1,4
BRF:2
BRH:1
end_of_record
TN:
SF:src/utils/auth.js
FN:2,(anonymous_0)
FN:6,(anonymous_1)
FN:9,(anonymous_2)
FN:13,(anonymous_3)
FN:15,(anonymous_4)
FN:18,(anonymous_5)
FN:19,(anonymous_6)
FN:20,(anonymous_7)
FN:27,(anonymous_8)
FN:44,generateToken
FN:47,verifyToken
FN:50,hashPassword
FN:53,comparePassword
FN:56,authMiddleware
FNF:14
FNH:11
FNDA:108,(anonymous_0)
FNDA:170,(anonymous_1)
FNDA:0,(anonymous_2)
FNDA:12,(anonymous_3)
FNDA:0,(anonymous_4)
FNDA:6,(anonymous_5)
FNDA:6,(anonymous_6)
FNDA:0,(anonymous_7)
FNDA:12,(anonymous_8)
FNDA:24,generateToken
FNDA:112,verifyToken
FNDA:6,hashPassword
FNDA:28,comparePassword
FNDA:128,authMiddleware
DA:2,6
DA:3,108
DA:4,108
DA:5,108
DA:6,170
DA:8,108
DA:10,0
DA:11,0
DA:13,6
DA:14,12
DA:16,0
DA:18,6
DA:19,6
DA:20,6
DA:21,0
DA:22,0
DA:23,0
DA:25,6
DA:27,6
DA:28,12
DA:29,12
DA:30,108
DA:31,12
DA:32,12
DA:35,6
DA:36,6
DA:37,6
DA:38,6
DA:39,6
DA:40,6
DA:41,6
DA:42,6
DA:43,6
DA:45,24
DA:48,112
DA:51,6
DA:54,28
DA:57,128
DA:58,128
DA:59,20
DA:60,20
DA:62,108
DA:63,108
DA:64,108
DA:65,106
DA:66,106
DA:69,2
LF:47
LH:41
BRDA:2,0,0,6
BRDA:2,0,1,6
BRDA:2,0,2,6
BRDA:2,1,0,6
BRDA:2,1,1,0
BRDA:3,2,0,108
BRDA:3,2,1,0
BRDA:5,3,0,108
BRDA:5,3,1,0
BRDA:5,4,0,108
BRDA:5,4,1,108
BRDA:5,5,0,0
BRDA:5,5,1,108
BRDA:5,6,0,108
BRDA:5,6,1,0
BRDA:10,7,0,0
BRDA:10,7,1,0
BRDA:13,8,0,6
BRDA:13,8,1,6
BRDA:13,8,2,6
BRDA:13,9,0,6
BRDA:13,9,1,0
BRDA:18,10,0,6
BRDA:18,10,1,6
BRDA:18,10,2,6
BRDA:20,11,0,6
BRDA:20,11,1,0
BRDA:22,12,0,0
BRDA:22,12,1,0
BRDA:28,13,0,0
BRDA:28,13,1,12
BRDA:28,14,0,12
BRDA:28,14,1,12
BRDA:30,15,0,12
BRDA:30,15,1,0
BRDA:30,16,0,108
BRDA:30,16,1,0
BRDA:43,17,0,6
BRDA:43,17,1,2
BRDA:58,18,0,20
BRDA:58,18,1,108
BRDA:58,19,0,128
BRDA:58,19,1,108
BRF:43
BRH:29
end_of_record
